<?xml version="1.0" encoding="UTF-8"?>
<testng-results skipped="0" failed="2" ignored="0" total="5" passed="3">
  <reporter-output>
  </reporter-output>
  <suite name="Default suite" duration-ms="90645" started-at="2017-10-30T06:22:03Z" finished-at="2017-10-30T06:23:34Z">
    <groups>
    </groups>
    <test name="Default test" duration-ms="90645" started-at="2017-10-30T06:22:03Z" finished-at="2017-10-30T06:23:34Z">
      <class name="MainProject.ProjectTest">
        <test-method status="PASS" signature="htmlReport()[pri:0, instance:MainProject.ProjectTest@acaea5]" name="htmlReport" is-config="true" duration-ms="175" started-at="2017-10-30T02:22:03Z" finished-at="2017-10-30T02:22:03Z">
          <reporter-output>
          </reporter-output>
        </test-method> <!-- htmlReport -->
        <test-method status="PASS" signature="browser()[pri:0, instance:MainProject.ProjectTest@acaea5]" name="browser" is-config="true" duration-ms="13624" started-at="2017-10-30T02:22:03Z" finished-at="2017-10-30T02:22:17Z">
          <reporter-output>
          </reporter-output>
        </test-method> <!-- browser -->
        <test-method status="FAIL" signature="accountCreate()[pri:0, instance:MainProject.ProjectTest@acaea5]" name="accountCreate" duration-ms="3029" started-at="2017-10-30T02:22:17Z" finished-at="2017-10-30T02:22:20Z">
          <exception class="java.lang.AssertionError">
            <message>
              <![CDATA[expected [#ff0000] but found [#fff1f2]]]>
            </message>
            <full-stacktrace>
              <![CDATA[java.lang.AssertionError: expected [#ff0000] but found [#fff1f2]
	at org.testng.Assert.fail(Assert.java:93)
	at org.testng.Assert.failNotEquals(Assert.java:512)
	at org.testng.Assert.assertEqualsImpl(Assert.java:134)
	at org.testng.Assert.assertEquals(Assert.java:115)
	at org.testng.Assert.assertEquals(Assert.java:189)
	at org.testng.Assert.assertEquals(Assert.java:199)
	at MainProject.ProjectTest.accountCreate(ProjectTest.java:154)
	at sun.reflect.NativeMethodAccessorImpl.invoke0(Native Method)
	at sun.reflect.NativeMethodAccessorImpl.invoke(NativeMethodAccessorImpl.java:62)
	at sun.reflect.DelegatingMethodAccessorImpl.invoke(DelegatingMethodAccessorImpl.java:43)
	at java.lang.reflect.Method.invoke(Method.java:498)
	at org.testng.internal.MethodInvocationHelper.invokeMethod(MethodInvocationHelper.java:108)
	at org.testng.internal.Invoker.invokeMethod(Invoker.java:669)
	at org.testng.internal.Invoker.invokeTestMethod(Invoker.java:877)
	at org.testng.internal.Invoker.invokeTestMethods(Invoker.java:1201)
	at org.testng.internal.TestMethodWorker.invokeTestMethods(TestMethodWorker.java:125)
	at org.testng.internal.TestMethodWorker.run(TestMethodWorker.java:109)
	at org.testng.TestRunner.privateRun(TestRunner.java:776)
	at org.testng.TestRunner.run(TestRunner.java:634)
	at org.testng.SuiteRunner.runTest(SuiteRunner.java:425)
	at org.testng.SuiteRunner.runSequentially(SuiteRunner.java:420)
	at org.testng.SuiteRunner.privateRun(SuiteRunner.java:385)
	at org.testng.SuiteRunner.run(SuiteRunner.java:334)
	at org.testng.SuiteRunnerWorker.runSuite(SuiteRunnerWorker.java:52)
	at org.testng.SuiteRunnerWorker.run(SuiteRunnerWorker.java:86)
	at org.testng.TestNG.runSuitesSequentially(TestNG.java:1318)
	at org.testng.TestNG.runSuitesLocally(TestNG.java:1243)
	at org.testng.TestNG.runSuites(TestNG.java:1161)
	at org.testng.TestNG.run(TestNG.java:1129)
	at org.testng.remote.AbstractRemoteTestNG.run(AbstractRemoteTestNG.java:114)
	at org.testng.remote.RemoteTestNG.initAndRun(RemoteTestNG.java:251)
	at org.testng.remote.RemoteTestNG.main(RemoteTestNG.java:77)
]]>
            </full-stacktrace>
          </exception> <!-- java.lang.AssertionError -->
          <reporter-output>
          </reporter-output>
        </test-method> <!-- accountCreate -->
        <test-method status="PASS" signature="browserClose(org.testng.ITestResult)[pri:0, instance:MainProject.ProjectTest@acaea5]" name="browserClose" is-config="true" duration-ms="1137" started-at="2017-10-30T02:22:20Z" finished-at="2017-10-30T02:22:21Z">
          <params>
            <param index="0">
              <value>
                <![CDATA[[TestResult name=accountCreate status=FAILURE method=ProjectTest.accountCreate()[pri:0, instance:MainProject.ProjectTest@acaea5] output={null}]]]>
              </value>
            </param>
          </params>
          <reporter-output>
          </reporter-output>
        </test-method> <!-- browserClose -->
        <test-method status="PASS" signature="browser()[pri:0, instance:MainProject.ProjectTest@acaea5]" name="browser" is-config="true" duration-ms="10251" started-at="2017-10-30T02:22:21Z" finished-at="2017-10-30T02:22:31Z">
          <reporter-output>
          </reporter-output>
        </test-method> <!-- browser -->
        <test-method status="PASS" signature="validAccountCreate()[pri:1, instance:MainProject.ProjectTest@acaea5]" name="validAccountCreate" duration-ms="3163" started-at="2017-10-30T02:22:31Z" finished-at="2017-10-30T02:22:35Z">
          <reporter-output>
          </reporter-output>
        </test-method> <!-- validAccountCreate -->
        <test-method status="PASS" signature="browserClose(org.testng.ITestResult)[pri:0, instance:MainProject.ProjectTest@acaea5]" name="browserClose" is-config="true" duration-ms="664" started-at="2017-10-30T02:22:35Z" finished-at="2017-10-30T02:22:35Z">
          <params>
            <param index="0">
              <value>
                <![CDATA[[TestResult name=validAccountCreate status=SUCCESS method=ProjectTest.validAccountCreate()[pri:1, instance:MainProject.ProjectTest@acaea5] output={null}]]]>
              </value>
            </param>
          </params>
          <reporter-output>
          </reporter-output>
        </test-method> <!-- browserClose -->
        <test-method status="PASS" signature="browser()[pri:0, instance:MainProject.ProjectTest@acaea5]" name="browser" is-config="true" duration-ms="9075" started-at="2017-10-30T02:22:35Z" finished-at="2017-10-30T02:22:44Z">
          <reporter-output>
          </reporter-output>
        </test-method> <!-- browser -->
        <test-method status="PASS" signature="createNewValidAccount()[pri:2, instance:MainProject.ProjectTest@acaea5]" name="createNewValidAccount" duration-ms="27353" started-at="2017-10-30T02:22:44Z" finished-at="2017-10-30T02:23:12Z">
          <reporter-output>
          </reporter-output>
        </test-method> <!-- createNewValidAccount -->
        <test-method status="PASS" signature="browserClose(org.testng.ITestResult)[pri:0, instance:MainProject.ProjectTest@acaea5]" name="browserClose" is-config="true" duration-ms="808" started-at="2017-10-30T02:23:12Z" finished-at="2017-10-30T02:23:12Z">
          <params>
            <param index="0">
              <value>
                <![CDATA[[TestResult name=createNewValidAccount status=SUCCESS method=ProjectTest.createNewValidAccount()[pri:2, instance:MainProject.ProjectTest@acaea5] output={null}]]]>
              </value>
            </param>
          </params>
          <reporter-output>
          </reporter-output>
        </test-method> <!-- browserClose -->
        <test-method status="PASS" signature="browser()[pri:0, instance:MainProject.ProjectTest@acaea5]" name="browser" is-config="true" duration-ms="8737" started-at="2017-10-30T02:23:12Z" finished-at="2017-10-30T02:23:21Z">
          <reporter-output>
          </reporter-output>
        </test-method> <!-- browser -->
        <test-method status="FAIL" signature="productSearch()[pri:3, instance:MainProject.ProjectTest@acaea5]" name="productSearch" duration-ms="1541" started-at="2017-10-30T02:23:21Z" finished-at="2017-10-30T02:23:23Z">
          <exception class="java.lang.AssertionError">
            <message>
              <![CDATA[One of the Products cost more than $50 expected [true] but found [false]]]>
            </message>
            <full-stacktrace>
              <![CDATA[java.lang.AssertionError: One of the Products cost more than $50 expected [true] but found [false]
	at org.testng.Assert.fail(Assert.java:93)
	at org.testng.Assert.failNotEquals(Assert.java:512)
	at org.testng.Assert.assertTrue(Assert.java:41)
	at MainProject.ProjectTest.productSearch(ProjectTest.java:327)
	at sun.reflect.NativeMethodAccessorImpl.invoke0(Native Method)
	at sun.reflect.NativeMethodAccessorImpl.invoke(NativeMethodAccessorImpl.java:62)
	at sun.reflect.DelegatingMethodAccessorImpl.invoke(DelegatingMethodAccessorImpl.java:43)
	at java.lang.reflect.Method.invoke(Method.java:498)
	at org.testng.internal.MethodInvocationHelper.invokeMethod(MethodInvocationHelper.java:108)
	at org.testng.internal.Invoker.invokeMethod(Invoker.java:669)
	at org.testng.internal.Invoker.invokeTestMethod(Invoker.java:877)
	at org.testng.internal.Invoker.invokeTestMethods(Invoker.java:1201)
	at org.testng.internal.TestMethodWorker.invokeTestMethods(TestMethodWorker.java:125)
	at org.testng.internal.TestMethodWorker.run(TestMethodWorker.java:109)
	at org.testng.TestRunner.privateRun(TestRunner.java:776)
	at org.testng.TestRunner.run(TestRunner.java:634)
	at org.testng.SuiteRunner.runTest(SuiteRunner.java:425)
	at org.testng.SuiteRunner.runSequentially(SuiteRunner.java:420)
	at org.testng.SuiteRunner.privateRun(SuiteRunner.java:385)
	at org.testng.SuiteRunner.run(SuiteRunner.java:334)
	at org.testng.SuiteRunnerWorker.runSuite(SuiteRunnerWorker.java:52)
	at org.testng.SuiteRunnerWorker.run(SuiteRunnerWorker.java:86)
	at org.testng.TestNG.runSuitesSequentially(TestNG.java:1318)
	at org.testng.TestNG.runSuitesLocally(TestNG.java:1243)
	at org.testng.TestNG.runSuites(TestNG.java:1161)
	at org.testng.TestNG.run(TestNG.java:1129)
	at org.testng.remote.AbstractRemoteTestNG.run(AbstractRemoteTestNG.java:114)
	at org.testng.remote.RemoteTestNG.initAndRun(RemoteTestNG.java:251)
	at org.testng.remote.RemoteTestNG.main(RemoteTestNG.java:77)
]]>
            </full-stacktrace>
          </exception> <!-- java.lang.AssertionError -->
          <reporter-output>
          </reporter-output>
        </test-method> <!-- productSearch -->
        <test-method status="PASS" signature="browserClose(org.testng.ITestResult)[pri:0, instance:MainProject.ProjectTest@acaea5]" name="browserClose" is-config="true" duration-ms="1033" started-at="2017-10-30T02:23:23Z" finished-at="2017-10-30T02:23:24Z">
          <params>
            <param index="0">
              <value>
                <![CDATA[[TestResult name=productSearch status=FAILURE method=ProjectTest.productSearch()[pri:3, instance:MainProject.ProjectTest@acaea5] output={null}]]]>
              </value>
            </param>
          </params>
          <reporter-output>
          </reporter-output>
        </test-method> <!-- browserClose -->
        <test-method status="PASS" signature="browser()[pri:0, instance:MainProject.ProjectTest@acaea5]" name="browser" is-config="true" duration-ms="9504" started-at="2017-10-30T02:23:24Z" finished-at="2017-10-30T02:23:33Z">
          <reporter-output>
          </reporter-output>
        </test-method> <!-- browser -->
        <test-method status="PASS" signature="addCart()[pri:4, instance:MainProject.ProjectTest@acaea5]" name="addCart" duration-ms="148" started-at="2017-10-30T02:23:33Z" finished-at="2017-10-30T02:23:33Z">
          <reporter-output>
          </reporter-output>
        </test-method> <!-- addCart -->
        <test-method status="PASS" signature="browserClose(org.testng.ITestResult)[pri:0, instance:MainProject.ProjectTest@acaea5]" name="browserClose" is-config="true" duration-ms="556" started-at="2017-10-30T02:23:33Z" finished-at="2017-10-30T02:23:34Z">
          <params>
            <param index="0">
              <value>
                <![CDATA[[TestResult name=addCart status=SUCCESS method=ProjectTest.addCart()[pri:4, instance:MainProject.ProjectTest@acaea5] output={null}]]]>
              </value>
            </param>
          </params>
          <reporter-output>
          </reporter-output>
        </test-method> <!-- browserClose -->
      </class> <!-- MainProject.ProjectTest -->
    </test> <!-- Default test -->
  </suite> <!-- Default suite -->
</testng-results>
